<?xml version="1.0" encoding="UTF-8"?>
<testng-results skipped="0" failed="0" total="1" passed="1">
  <reporter-output>
  </reporter-output>
  <suite name="Suite" duration-ms="58" started-at="2019-04-07T06:08:55Z" finished-at="2019-04-07T06:08:55Z">
    <groups>
    </groups>
    <test name="Test" duration-ms="58" started-at="2019-04-07T06:08:55Z" finished-at="2019-04-07T06:08:55Z">
      <class name="mavenprojectpractice.mavenprojectclass">
        <test-method status="PASS" signature="printName()[pri:0, instance:mavenprojectpractice.mavenprojectclass@34ce8af7]" name="printName" duration-ms="27" started-at="2019-04-07T11:38:55Z" finished-at="2019-04-07T11:38:55Z">
          <reporter-output>
          </reporter-output>
        </test-method> <!-- printName -->
      </class> <!-- mavenprojectpractice.mavenprojectclass -->
    </test> <!-- Test -->
  </suite> <!-- Suite -->
</testng-results>
