<?xml version="1.0" encoding="UTF-8"?>
<testng-results skipped="0" failed="0" ignored="0" total="1" passed="1">
  <reporter-output>
  </reporter-output>
  <suite name="Suite" duration-ms="79" started-at="2019-04-07T05:42:06Z" finished-at="2019-04-07T05:42:07Z">
    <groups>
    </groups>
    <test name="Test" duration-ms="79" started-at="2019-04-07T05:42:06Z" finished-at="2019-04-07T05:42:07Z">
      <class name="mavenprojectpractice.mavenprojectclass">
        <test-method status="PASS" signature="printName()[pri:0, instance:mavenprojectpractice.mavenprojectclass@7946e1f4]" name="printName" duration-ms="16" started-at="2019-04-07T11:12:06Z" finished-at="2019-04-07T11:12:07Z">
          <reporter-output>
          </reporter-output>
        </test-method> <!-- printName -->
      </class> <!-- mavenprojectpractice.mavenprojectclass -->
    </test> <!-- Test -->
  </suite> <!-- Suite -->
</testng-results>
